==6477== Memcheck, a memory error detector
==6477== Copyright (C) 2002-2017, and GNU GPL'd, by Julian Seward et al.
==6477== Using Valgrind-3.13.0 and LibVEX; rerun with -h for copyright info
==6477== Command: ./rlg327
==6477== Parent PID: 4827
==6477== 
--6477-- 
--6477-- Valgrind options:
--6477--    -v
--6477--    --track-origins=yes
--6477--    --show-leak-kinds=all
--6477--    --leak-check=full
--6477--    --log-file=valgrind.log
--6477-- Contents of /proc/version:
--6477--   Linux version 4.15.0-36-generic (buildd@lgw01-amd64-031) (gcc version 7.3.0 (Ubuntu 7.3.0-16ubuntu3)) #39-Ubuntu SMP Mon Sep 24 16:19:09 UTC 2018
--6477-- 
--6477-- Arch and hwcaps: AMD64, LittleEndian, amd64-cx16-lzcnt-rdtscp-sse3-avx-avx2-bmi
--6477-- Page sizes: currently 4096, max supported 4096
--6477-- Valgrind library directory: /usr/lib/valgrind
--6477-- Reading syms from /home/darron/cs327/rlg327
--6477-- Reading syms from /lib/x86_64-linux-gnu/ld-2.27.so
--6477--   Considering /lib/x86_64-linux-gnu/ld-2.27.so ..
--6477--   .. CRC mismatch (computed 1b7c895e wanted 2943108a)
--6477--   Considering /usr/lib/debug/lib/x86_64-linux-gnu/ld-2.27.so ..
--6477--   .. CRC is valid
--6477-- Reading syms from /usr/lib/valgrind/memcheck-amd64-linux
--6477--   Considering /usr/lib/valgrind/memcheck-amd64-linux ..
--6477--   .. CRC mismatch (computed 62965bbf wanted eeb84137)
--6477--    object doesn't have a symbol table
--6477--    object doesn't have a dynamic symbol table
--6477-- Scheduler: using generic scheduler lock implementation.
--6477-- Reading suppressions file: /usr/lib/valgrind/default.supp
==6477== embedded gdbserver: reading from /tmp/vgdb-pipe-from-vgdb-to-6477-by-darron-on-???
==6477== embedded gdbserver: writing to   /tmp/vgdb-pipe-to-vgdb-from-6477-by-darron-on-???
==6477== embedded gdbserver: shared mem   /tmp/vgdb-pipe-shared-mem-vgdb-6477-by-darron-on-???
==6477== 
==6477== TO CONTROL THIS PROCESS USING vgdb (which you probably
==6477== don't want to do, unless you know exactly what you're doing,
==6477== or are doing some strange experiment):
==6477==   /usr/lib/valgrind/../../bin/vgdb --pid=6477 ...command...
==6477== 
==6477== TO DEBUG THIS PROCESS USING GDB: start GDB like this
==6477==   /path/to/gdb ./rlg327
==6477== and then give GDB the following command
==6477==   target remote | /usr/lib/valgrind/../../bin/vgdb --pid=6477
==6477== --pid is optional if only one valgrind process is running
==6477== 
--6477-- REDIR: 0x401f2f0 (ld-linux-x86-64.so.2:strlen) redirected to 0x58060901 (???)
--6477-- REDIR: 0x401f0d0 (ld-linux-x86-64.so.2:index) redirected to 0x5806091b (???)
--6477-- Reading syms from /usr/lib/valgrind/vgpreload_core-amd64-linux.so
--6477--   Considering /usr/lib/valgrind/vgpreload_core-amd64-linux.so ..
--6477--   .. CRC mismatch (computed 13d5e98a wanted 1786ecf1)
--6477--    object doesn't have a symbol table
--6477-- Reading syms from /usr/lib/valgrind/vgpreload_memcheck-amd64-linux.so
--6477--   Considering /usr/lib/valgrind/vgpreload_memcheck-amd64-linux.so ..
--6477--   .. CRC mismatch (computed 8f77ef36 wanted fcbde737)
--6477--    object doesn't have a symbol table
==6477== WARNING: new redirection conflicts with existing -- ignoring it
--6477--     old: 0x0401f2f0 (strlen              ) R-> (0000.0) 0x58060901 ???
--6477--     new: 0x0401f2f0 (strlen              ) R-> (2007.0) 0x04c32db0 strlen
--6477-- REDIR: 0x401d360 (ld-linux-x86-64.so.2:strcmp) redirected to 0x4c33ee0 (strcmp)
--6477-- REDIR: 0x401f830 (ld-linux-x86-64.so.2:mempcpy) redirected to 0x4c374f0 (mempcpy)
--6477-- Reading syms from /lib/x86_64-linux-gnu/libncurses.so.5.9
--6477--    object doesn't have a symbol table
--6477-- Reading syms from /lib/x86_64-linux-gnu/libtinfo.so.5.9
--6477--    object doesn't have a symbol table
--6477-- Reading syms from /lib/x86_64-linux-gnu/libc-2.27.so
--6477--   Considering /lib/x86_64-linux-gnu/libc-2.27.so ..
--6477--   .. CRC mismatch (computed b1c74187 wanted 042cc048)
--6477--   Considering /usr/lib/debug/lib/x86_64-linux-gnu/libc-2.27.so ..
--6477--   .. CRC is valid
--6477-- Reading syms from /lib/x86_64-linux-gnu/libdl-2.27.so
--6477--   Considering /lib/x86_64-linux-gnu/libdl-2.27.so ..
--6477--   .. CRC mismatch (computed bd82fa02 wanted d1fdccc9)
--6477--   Considering /usr/lib/debug/lib/x86_64-linux-gnu/libdl-2.27.so ..
--6477--   .. CRC is valid
--6477-- REDIR: 0x5327c70 (libc.so.6:memmove) redirected to 0x4a2a6e0 (_vgnU_ifunc_wrapper)
--6477-- REDIR: 0x5326d40 (libc.so.6:strncpy) redirected to 0x4a2a6e0 (_vgnU_ifunc_wrapper)
--6477-- REDIR: 0x5327f50 (libc.so.6:strcasecmp) redirected to 0x4a2a6e0 (_vgnU_ifunc_wrapper)
--6477-- REDIR: 0x5326790 (libc.so.6:strcat) redirected to 0x4a2a6e0 (_vgnU_ifunc_wrapper)
--6477-- REDIR: 0x5326d70 (libc.so.6:rindex) redirected to 0x4a2a6e0 (_vgnU_ifunc_wrapper)
--6477-- REDIR: 0x53297c0 (libc.so.6:rawmemchr) redirected to 0x4a2a6e0 (_vgnU_ifunc_wrapper)
--6477-- REDIR: 0x5327de0 (libc.so.6:mempcpy) redirected to 0x4a2a6e0 (_vgnU_ifunc_wrapper)
--6477-- REDIR: 0x5327c10 (libc.so.6:bcmp) redirected to 0x4a2a6e0 (_vgnU_ifunc_wrapper)
--6477-- REDIR: 0x5326d00 (libc.so.6:strncmp) redirected to 0x4a2a6e0 (_vgnU_ifunc_wrapper)
--6477-- REDIR: 0x5326800 (libc.so.6:strcmp) redirected to 0x4a2a6e0 (_vgnU_ifunc_wrapper)
--6477-- REDIR: 0x5327d40 (libc.so.6:memset) redirected to 0x4a2a6e0 (_vgnU_ifunc_wrapper)
--6477-- REDIR: 0x53450f0 (libc.so.6:wcschr) redirected to 0x4a2a6e0 (_vgnU_ifunc_wrapper)
--6477-- REDIR: 0x5326ca0 (libc.so.6:strnlen) redirected to 0x4a2a6e0 (_vgnU_ifunc_wrapper)
--6477-- REDIR: 0x5326870 (libc.so.6:strcspn) redirected to 0x4a2a6e0 (_vgnU_ifunc_wrapper)
--6477-- REDIR: 0x5327fa0 (libc.so.6:strncasecmp) redirected to 0x4a2a6e0 (_vgnU_ifunc_wrapper)
--6477-- REDIR: 0x5326840 (libc.so.6:strcpy) redirected to 0x4a2a6e0 (_vgnU_ifunc_wrapper)
--6477-- REDIR: 0x53280e0 (libc.so.6:memcpy@@GLIBC_2.14) redirected to 0x4a2a6e0 (_vgnU_ifunc_wrapper)
--6477-- REDIR: 0x5326da0 (libc.so.6:strpbrk) redirected to 0x4a2a6e0 (_vgnU_ifunc_wrapper)
--6477-- REDIR: 0x53267c0 (libc.so.6:index) redirected to 0x4a2a6e0 (_vgnU_ifunc_wrapper)
--6477-- REDIR: 0x5326c70 (libc.so.6:strlen) redirected to 0x4a2a6e0 (_vgnU_ifunc_wrapper)
--6477-- REDIR: 0x53316c0 (libc.so.6:memrchr) redirected to 0x4a2a6e0 (_vgnU_ifunc_wrapper)
--6477-- REDIR: 0x5327ff0 (libc.so.6:strcasecmp_l) redirected to 0x4a2a6e0 (_vgnU_ifunc_wrapper)
--6477-- REDIR: 0x5327be0 (libc.so.6:memchr) redirected to 0x4a2a6e0 (_vgnU_ifunc_wrapper)
--6477-- REDIR: 0x5345eb0 (libc.so.6:wcslen) redirected to 0x4a2a6e0 (_vgnU_ifunc_wrapper)
--6477-- REDIR: 0x5327050 (libc.so.6:strspn) redirected to 0x4a2a6e0 (_vgnU_ifunc_wrapper)
--6477-- REDIR: 0x5327f20 (libc.so.6:stpncpy) redirected to 0x4a2a6e0 (_vgnU_ifunc_wrapper)
--6477-- REDIR: 0x5327ef0 (libc.so.6:stpcpy) redirected to 0x4a2a6e0 (_vgnU_ifunc_wrapper)
--6477-- REDIR: 0x53297f0 (libc.so.6:strchrnul) redirected to 0x4a2a6e0 (_vgnU_ifunc_wrapper)
--6477-- REDIR: 0x5328040 (libc.so.6:strncasecmp_l) redirected to 0x4a2a6e0 (_vgnU_ifunc_wrapper)
--6477-- REDIR: 0x5326cd0 (libc.so.6:strncat) redirected to 0x4a2a6e0 (_vgnU_ifunc_wrapper)
--6477-- REDIR: 0x53ba8a0 (libc.so.6:__memcpy_chk) redirected to 0x4a2a6e0 (_vgnU_ifunc_wrapper)
--6477-- REDIR: 0x5327b20 (libc.so.6:strstr) redirected to 0x4a2a6e0 (_vgnU_ifunc_wrapper)
--6477-- REDIR: 0x54173c0 (libc.so.6:__strrchr_avx2) redirected to 0x4c32730 (rindex)
--6477-- REDIR: 0x5417590 (libc.so.6:__strlen_avx2) redirected to 0x4c32cf0 (strlen)
--6477-- REDIR: 0x540e510 (libc.so.6:__strncmp_sse42) redirected to 0x4c33570 (__strncmp_sse42)
--6477-- REDIR: 0x5323030 (libc.so.6:calloc) redirected to 0x4c31a70 (calloc)
--6477-- REDIR: 0x54171d0 (libc.so.6:__strchrnul_avx2) redirected to 0x4c37020 (strchrnul)
--6477-- REDIR: 0x5417720 (libc.so.6:__strnlen_avx2) redirected to 0x4c32c90 (strnlen)
--6477-- REDIR: 0x5416fa0 (libc.so.6:__strchr_avx2) redirected to 0x4c32950 (index)
--6477-- REDIR: 0x5320950 (libc.so.6:free) redirected to 0x4c30cd0 (free)
--6477-- REDIR: 0x5320070 (libc.so.6:malloc) redirected to 0x4c2faa0 (malloc)
--6477-- REDIR: 0x5417ad0 (libc.so.6:__memcpy_avx_unaligned_erms) redirected to 0x4c366e0 (memmove)
--6477-- REDIR: 0x5404950 (libc.so.6:__strcpy_ssse3) redirected to 0x4c32dd0 (strcpy)
--6477-- REDIR: 0x53f2d60 (libc.so.6:__strcmp_ssse3) redirected to 0x4c33da0 (strcmp)
--6477-- REDIR: 0x5327590 (libc.so.6:__GI_strstr) redirected to 0x4c37760 (__strstr_sse2)
--6477-- REDIR: 0x5417ac0 (libc.so.6:__memcpy_chk_avx_unaligned_erms) redirected to 0x4c375e0 (__memcpy_chk)
--6477-- REDIR: 0x5321c30 (libc.so.6:realloc) redirected to 0x4c31cb0 (realloc)
--6477-- REDIR: 0x5406100 (libc.so.6:__strncpy_ssse3) redirected to 0x4c32fb0 (strncpy)
--6477-- REDIR: 0x5413ba0 (libc.so.6:__memcmp_avx2_movbe) redirected to 0x4c35e00 (bcmp)
--6477-- REDIR: 0x5417f50 (libc.so.6:__memset_avx2_unaligned_erms) redirected to 0x4c365d0 (memset)
--6477-- REDIR: 0x5417ab0 (libc.so.6:__mempcpy_avx_unaligned_erms) redirected to 0x4c37130 (mempcpy)
==6477== 
==6477== HEAP SUMMARY:
==6477==     in use at exit: 69,088 bytes in 331 blocks
==6477==   total heap usage: 30,020 allocs, 29,689 frees, 1,341,540 bytes allocated
==6477== 
==6477== Searching for pointers to 331 not-freed blocks
==6477== Checked 281,288 bytes
==6477== 
==6477== 8 bytes in 1 blocks are still reachable in loss record 1 of 38
==6477==    at 0x4C31B25: calloc (in /usr/lib/valgrind/vgpreload_memcheck-amd64-linux.so)
==6477==    by 0x4E4F2C5: ??? (in /lib/x86_64-linux-gnu/libncurses.so.5.9)
==6477==    by 0x4E4C71A: newterm (in /lib/x86_64-linux-gnu/libncurses.so.5.9)
==6477==    by 0x4E48FF2: initscr (in /lib/x86_64-linux-gnu/libncurses.so.5.9)
==6477==    by 0x1095F2: to_init_terminal() (rlg327.cpp:67)
==6477==    by 0x109A8D: main (rlg327.cpp:214)
==6477== 
==6477== 13 bytes in 1 blocks are still reachable in loss record 2 of 38
==6477==    at 0x4C2FB0F: malloc (in /usr/lib/valgrind/vgpreload_memcheck-amd64-linux.so)
==6477==    by 0x53269B9: strdup (strdup.c:42)
==6477==    by 0x506DAC9: ??? (in /lib/x86_64-linux-gnu/libtinfo.so.5.9)
==6477==    by 0x506DDBC: _nc_first_db (in /lib/x86_64-linux-gnu/libtinfo.so.5.9)
==6477==    by 0x50767AD: _nc_read_entry (in /lib/x86_64-linux-gnu/libtinfo.so.5.9)
==6477==    by 0x5070288: ??? (in /lib/x86_64-linux-gnu/libtinfo.so.5.9)
==6477==    by 0x50705D1: _nc_setupterm (in /lib/x86_64-linux-gnu/libtinfo.so.5.9)
==6477==    by 0x4E4C6D7: newterm (in /lib/x86_64-linux-gnu/libncurses.so.5.9)
==6477==    by 0x4E48FF2: initscr (in /lib/x86_64-linux-gnu/libncurses.so.5.9)
==6477==    by 0x1095F2: to_init_terminal() (rlg327.cpp:67)
==6477==    by 0x109A8D: main (rlg327.cpp:214)
==6477== 
==6477== 15 bytes in 1 blocks are still reachable in loss record 3 of 38
==6477==    at 0x4C2FB0F: malloc (in /usr/lib/valgrind/vgpreload_memcheck-amd64-linux.so)
==6477==    by 0x53269B9: strdup (strdup.c:42)
==6477==    by 0x507060D: _nc_setupterm (in /lib/x86_64-linux-gnu/libtinfo.so.5.9)
==6477==    by 0x4E4C6D7: newterm (in /lib/x86_64-linux-gnu/libncurses.so.5.9)
==6477==    by 0x4E48FF2: initscr (in /lib/x86_64-linux-gnu/libncurses.so.5.9)
==6477==    by 0x1095F2: to_init_terminal() (rlg327.cpp:67)
==6477==    by 0x109A8D: main (rlg327.cpp:214)
==6477== 
==6477== 24 bytes in 1 blocks are still reachable in loss record 4 of 38
==6477==    at 0x4C31B25: calloc (in /usr/lib/valgrind/vgpreload_memcheck-amd64-linux.so)
==6477==    by 0x506BEC4: _nc_add_to_try (in /lib/x86_64-linux-gnu/libtinfo.so.5.9)
==6477==    by 0x506E675: ??? (in /lib/x86_64-linux-gnu/libtinfo.so.5.9)
==6477==    by 0x506F7B3: _nc_keypad (in /lib/x86_64-linux-gnu/libtinfo.so.5.9)
==6477==    by 0x10961A: to_init_terminal() (rlg327.cpp:71)
==6477==    by 0x109A8D: main (rlg327.cpp:214)
==6477== 
==6477== 25 bytes in 1 blocks are still reachable in loss record 5 of 38
==6477==    at 0x4C2FB0F: malloc (in /usr/lib/valgrind/vgpreload_memcheck-amd64-linux.so)
==6477==    by 0x506E5B4: _nc_home_terminfo (in /lib/x86_64-linux-gnu/libtinfo.so.5.9)
==6477==    by 0x506DDA6: _nc_first_db (in /lib/x86_64-linux-gnu/libtinfo.so.5.9)
==6477==    by 0x50767AD: _nc_read_entry (in /lib/x86_64-linux-gnu/libtinfo.so.5.9)
==6477==    by 0x5070288: ??? (in /lib/x86_64-linux-gnu/libtinfo.so.5.9)
==6477==    by 0x50705D1: _nc_setupterm (in /lib/x86_64-linux-gnu/libtinfo.so.5.9)
==6477==    by 0x4E4C6D7: newterm (in /lib/x86_64-linux-gnu/libncurses.so.5.9)
==6477==    by 0x4E48FF2: initscr (in /lib/x86_64-linux-gnu/libncurses.so.5.9)
==6477==    by 0x1095F2: to_init_terminal() (rlg327.cpp:67)
==6477==    by 0x109A8D: main (rlg327.cpp:214)
==6477== 
==6477== 39 bytes in 1 blocks are still reachable in loss record 6 of 38
==6477==    at 0x4C31D2F: realloc (in /usr/lib/valgrind/vgpreload_memcheck-amd64-linux.so)
==6477==    by 0x506E292: _nc_doalloc (in /lib/x86_64-linux-gnu/libtinfo.so.5.9)
==6477==    by 0x50717F3: _nc_tparm_analyze (in /lib/x86_64-linux-gnu/libtinfo.so.5.9)
==6477==    by 0x5071B4D: tparm (in /lib/x86_64-linux-gnu/libtinfo.so.5.9)
==6477==    by 0x4E4C347: ??? (in /lib/x86_64-linux-gnu/libncurses.so.5.9)
==6477==    by 0x4E4C8B4: newterm (in /lib/x86_64-linux-gnu/libncurses.so.5.9)
==6477==    by 0x4E48FF2: initscr (in /lib/x86_64-linux-gnu/libncurses.so.5.9)
==6477==    by 0x1095F2: to_init_terminal() (rlg327.cpp:67)
==6477==    by 0x109A8D: main (rlg327.cpp:214)
==6477== 
==6477== 46 bytes in 1 blocks are still reachable in loss record 7 of 38
==6477==    at 0x4C31D2F: realloc (in /usr/lib/valgrind/vgpreload_memcheck-amd64-linux.so)
==6477==    by 0x506E292: _nc_doalloc (in /lib/x86_64-linux-gnu/libtinfo.so.5.9)
==6477==    by 0x5075E66: _nc_read_termtype (in /lib/x86_64-linux-gnu/libtinfo.so.5.9)
==6477==    by 0x50762FC: ??? (in /lib/x86_64-linux-gnu/libtinfo.so.5.9)
==6477==    by 0x50764E6: ??? (in /lib/x86_64-linux-gnu/libtinfo.so.5.9)
==6477==    by 0x50767D0: _nc_read_entry (in /lib/x86_64-linux-gnu/libtinfo.so.5.9)
==6477==    by 0x5070288: ??? (in /lib/x86_64-linux-gnu/libtinfo.so.5.9)
==6477==    by 0x50705D1: _nc_setupterm (in /lib/x86_64-linux-gnu/libtinfo.so.5.9)
==6477==    by 0x4E4C6D7: newterm (in /lib/x86_64-linux-gnu/libncurses.so.5.9)
==6477==    by 0x4E48FF2: initscr (in /lib/x86_64-linux-gnu/libncurses.so.5.9)
==6477==    by 0x1095F2: to_init_terminal() (rlg327.cpp:67)
==6477==    by 0x109A8D: main (rlg327.cpp:214)
==6477== 
==6477== 48 bytes in 1 blocks are still reachable in loss record 8 of 38
==6477==    at 0x4C31B25: calloc (in /usr/lib/valgrind/vgpreload_memcheck-amd64-linux.so)
==6477==    by 0x506DEBB: _nc_first_db (in /lib/x86_64-linux-gnu/libtinfo.so.5.9)
==6477==    by 0x50767AD: _nc_read_entry (in /lib/x86_64-linux-gnu/libtinfo.so.5.9)
==6477==    by 0x5070288: ??? (in /lib/x86_64-linux-gnu/libtinfo.so.5.9)
==6477==    by 0x50705D1: _nc_setupterm (in /lib/x86_64-linux-gnu/libtinfo.so.5.9)
==6477==    by 0x4E4C6D7: newterm (in /lib/x86_64-linux-gnu/libncurses.so.5.9)
==6477==    by 0x4E48FF2: initscr (in /lib/x86_64-linux-gnu/libncurses.so.5.9)
==6477==    by 0x1095F2: to_init_terminal() (rlg327.cpp:67)
==6477==    by 0x109A8D: main (rlg327.cpp:214)
==6477== 
==6477== 66 bytes in 1 blocks are still reachable in loss record 9 of 38
==6477==    at 0x4C31D2F: realloc (in /usr/lib/valgrind/vgpreload_memcheck-amd64-linux.so)
==6477==    by 0x506E292: _nc_doalloc (in /lib/x86_64-linux-gnu/libtinfo.so.5.9)
==6477==    by 0x5072E63: tparm (in /lib/x86_64-linux-gnu/libtinfo.so.5.9)
==6477==    by 0x4E4BFD2: ??? (in /lib/x86_64-linux-gnu/libncurses.so.5.9)
==6477==    by 0x4E4C8B4: newterm (in /lib/x86_64-linux-gnu/libncurses.so.5.9)
==6477==    by 0x4E48FF2: initscr (in /lib/x86_64-linux-gnu/libncurses.so.5.9)
==6477==    by 0x1095F2: to_init_terminal() (rlg327.cpp:67)
==6477==    by 0x109A8D: main (rlg327.cpp:214)
==6477== 
==6477== 78 bytes in 1 blocks are still reachable in loss record 10 of 38
==6477==    at 0x4C31D2F: realloc (in /usr/lib/valgrind/vgpreload_memcheck-amd64-linux.so)
==6477==    by 0x506E292: _nc_doalloc (in /lib/x86_64-linux-gnu/libtinfo.so.5.9)
==6477==    by 0x5075E97: _nc_read_termtype (in /lib/x86_64-linux-gnu/libtinfo.so.5.9)
==6477==    by 0x50762FC: ??? (in /lib/x86_64-linux-gnu/libtinfo.so.5.9)
==6477==    by 0x50764E6: ??? (in /lib/x86_64-linux-gnu/libtinfo.so.5.9)
==6477==    by 0x50767D0: _nc_read_entry (in /lib/x86_64-linux-gnu/libtinfo.so.5.9)
==6477==    by 0x5070288: ??? (in /lib/x86_64-linux-gnu/libtinfo.so.5.9)
==6477==    by 0x50705D1: _nc_setupterm (in /lib/x86_64-linux-gnu/libtinfo.so.5.9)
==6477==    by 0x4E4C6D7: newterm (in /lib/x86_64-linux-gnu/libncurses.so.5.9)
==6477==    by 0x4E48FF2: initscr (in /lib/x86_64-linux-gnu/libncurses.so.5.9)
==6477==    by 0x1095F2: to_init_terminal() (rlg327.cpp:67)
==6477==    by 0x109A8D: main (rlg327.cpp:214)
==6477== 
==6477== 94 bytes in 1 blocks are still reachable in loss record 11 of 38
==6477==    at 0x4C2FB0F: malloc (in /usr/lib/valgrind/vgpreload_memcheck-amd64-linux.so)
==6477==    by 0x506DE23: _nc_first_db (in /lib/x86_64-linux-gnu/libtinfo.so.5.9)
==6477==    by 0x50767AD: _nc_read_entry (in /lib/x86_64-linux-gnu/libtinfo.so.5.9)
==6477==    by 0x5070288: ??? (in /lib/x86_64-linux-gnu/libtinfo.so.5.9)
==6477==    by 0x50705D1: _nc_setupterm (in /lib/x86_64-linux-gnu/libtinfo.so.5.9)
==6477==    by 0x4E4C6D7: newterm (in /lib/x86_64-linux-gnu/libncurses.so.5.9)
==6477==    by 0x4E48FF2: initscr (in /lib/x86_64-linux-gnu/libncurses.so.5.9)
==6477==    by 0x1095F2: to_init_terminal() (rlg327.cpp:67)
==6477==    by 0x109A8D: main (rlg327.cpp:214)
==6477== 
==6477== 96 bytes in 1 blocks are still reachable in loss record 12 of 38
==6477==    at 0x4C2FB0F: malloc (in /usr/lib/valgrind/vgpreload_memcheck-amd64-linux.so)
==6477==    by 0x4E42148: ??? (in /lib/x86_64-linux-gnu/libncurses.so.5.9)
==6477==    by 0x4E56B0D: doupdate (in /lib/x86_64-linux-gnu/libncurses.so.5.9)
==6477==    by 0x4E4E0F7: wrefresh (in /lib/x86_64-linux-gnu/libncurses.so.5.9)
==6477==    by 0x109A2F: process_input(dungeon*) (rlg327.cpp:195)
==6477==    by 0x10A4E2: main (rlg327.cpp:373)
==6477== 
==6477== 112 bytes in 1 blocks are still reachable in loss record 13 of 38
==6477==    at 0x4C31B25: calloc (in /usr/lib/valgrind/vgpreload_memcheck-amd64-linux.so)
==6477==    by 0x4E4CD78: ??? (in /lib/x86_64-linux-gnu/libncurses.so.5.9)
==6477==    by 0x4E4CF90: newwin (in /lib/x86_64-linux-gnu/libncurses.so.5.9)
==6477==    by 0x4E4F6C6: ??? (in /lib/x86_64-linux-gnu/libncurses.so.5.9)
==6477==    by 0x4E4C71A: newterm (in /lib/x86_64-linux-gnu/libncurses.so.5.9)
==6477==    by 0x4E48FF2: initscr (in /lib/x86_64-linux-gnu/libncurses.so.5.9)
==6477==    by 0x1095F2: to_init_terminal() (rlg327.cpp:67)
==6477==    by 0x109A8D: main (rlg327.cpp:214)
==6477== 
==6477== 112 bytes in 1 blocks are still reachable in loss record 14 of 38
==6477==    at 0x4C31B25: calloc (in /usr/lib/valgrind/vgpreload_memcheck-amd64-linux.so)
==6477==    by 0x4E4CD78: ??? (in /lib/x86_64-linux-gnu/libncurses.so.5.9)
==6477==    by 0x4E4CF90: newwin (in /lib/x86_64-linux-gnu/libncurses.so.5.9)
==6477==    by 0x4E4F6E7: ??? (in /lib/x86_64-linux-gnu/libncurses.so.5.9)
==6477==    by 0x4E4C71A: newterm (in /lib/x86_64-linux-gnu/libncurses.so.5.9)
==6477==    by 0x4E48FF2: initscr (in /lib/x86_64-linux-gnu/libncurses.so.5.9)
==6477==    by 0x1095F2: to_init_terminal() (rlg327.cpp:67)
==6477==    by 0x109A8D: main (rlg327.cpp:214)
==6477== 
==6477== 112 bytes in 1 blocks are still reachable in loss record 15 of 38
==6477==    at 0x4C31B25: calloc (in /usr/lib/valgrind/vgpreload_memcheck-amd64-linux.so)
==6477==    by 0x4E4CD78: ??? (in /lib/x86_64-linux-gnu/libncurses.so.5.9)
==6477==    by 0x4E4CF90: newwin (in /lib/x86_64-linux-gnu/libncurses.so.5.9)
==6477==    by 0x4E4F791: ??? (in /lib/x86_64-linux-gnu/libncurses.so.5.9)
==6477==    by 0x4E4C71A: newterm (in /lib/x86_64-linux-gnu/libncurses.so.5.9)
==6477==    by 0x4E48FF2: initscr (in /lib/x86_64-linux-gnu/libncurses.so.5.9)
==6477==    by 0x1095F2: to_init_terminal() (rlg327.cpp:67)
==6477==    by 0x109A8D: main (rlg327.cpp:214)
==6477== 
==6477== 128 bytes in 1 blocks are still reachable in loss record 16 of 38
==6477==    at 0x4C31B25: calloc (in /usr/lib/valgrind/vgpreload_memcheck-amd64-linux.so)
==6477==    by 0x4E4F292: ??? (in /lib/x86_64-linux-gnu/libncurses.so.5.9)
==6477==    by 0x4E4C71A: newterm (in /lib/x86_64-linux-gnu/libncurses.so.5.9)
==6477==    by 0x4E48FF2: initscr (in /lib/x86_64-linux-gnu/libncurses.so.5.9)
==6477==    by 0x1095F2: to_init_terminal() (rlg327.cpp:67)
==6477==    by 0x109A8D: main (rlg327.cpp:214)
==6477== 
==6477== 192 bytes in 1 blocks are still reachable in loss record 17 of 38
==6477==    at 0x4C31B25: calloc (in /usr/lib/valgrind/vgpreload_memcheck-amd64-linux.so)
==6477==    by 0x4E42AFD: ??? (in /lib/x86_64-linux-gnu/libncurses.so.5.9)
==6477==    by 0x4E42007: ??? (in /lib/x86_64-linux-gnu/libncurses.so.5.9)
==6477==    by 0x4E56B0D: doupdate (in /lib/x86_64-linux-gnu/libncurses.so.5.9)
==6477==    by 0x4E4E0F7: wrefresh (in /lib/x86_64-linux-gnu/libncurses.so.5.9)
==6477==    by 0x109A2F: process_input(dungeon*) (rlg327.cpp:195)
==6477==    by 0x10A4E2: main (rlg327.cpp:373)
==6477== 
==6477== 192 bytes in 1 blocks are still reachable in loss record 18 of 38
==6477==    at 0x4C31B25: calloc (in /usr/lib/valgrind/vgpreload_memcheck-amd64-linux.so)
==6477==    by 0x4E42F26: ??? (in /lib/x86_64-linux-gnu/libncurses.so.5.9)
==6477==    by 0x4E42007: ??? (in /lib/x86_64-linux-gnu/libncurses.so.5.9)
==6477==    by 0x4E56B0D: doupdate (in /lib/x86_64-linux-gnu/libncurses.so.5.9)
==6477==    by 0x4E4E0F7: wrefresh (in /lib/x86_64-linux-gnu/libncurses.so.5.9)
==6477==    by 0x109A2F: process_input(dungeon*) (rlg327.cpp:195)
==6477==    by 0x10A4E2: main (rlg327.cpp:373)
==6477== 
==6477== 208 bytes in 1 blocks are still reachable in loss record 19 of 38
==6477==    at 0x4C31B25: calloc (in /usr/lib/valgrind/vgpreload_memcheck-amd64-linux.so)
==6477==    by 0x50705BA: _nc_setupterm (in /lib/x86_64-linux-gnu/libtinfo.so.5.9)
==6477==    by 0x4E4C6D7: newterm (in /lib/x86_64-linux-gnu/libncurses.so.5.9)
==6477==    by 0x4E48FF2: initscr (in /lib/x86_64-linux-gnu/libncurses.so.5.9)
==6477==    by 0x1095F2: to_init_terminal() (rlg327.cpp:67)
==6477==    by 0x109A8D: main (rlg327.cpp:214)
==6477== 
==6477== 384 bytes in 1 blocks are still reachable in loss record 20 of 38
==6477==    at 0x4C31B25: calloc (in /usr/lib/valgrind/vgpreload_memcheck-amd64-linux.so)
==6477==    by 0x4E4CD96: ??? (in /lib/x86_64-linux-gnu/libncurses.so.5.9)
==6477==    by 0x4E4CF90: newwin (in /lib/x86_64-linux-gnu/libncurses.so.5.9)
==6477==    by 0x4E4F6C6: ??? (in /lib/x86_64-linux-gnu/libncurses.so.5.9)
==6477==    by 0x4E4C71A: newterm (in /lib/x86_64-linux-gnu/libncurses.so.5.9)
==6477==    by 0x4E48FF2: initscr (in /lib/x86_64-linux-gnu/libncurses.so.5.9)
==6477==    by 0x1095F2: to_init_terminal() (rlg327.cpp:67)
==6477==    by 0x109A8D: main (rlg327.cpp:214)
==6477== 
==6477== 384 bytes in 1 blocks are still reachable in loss record 21 of 38
==6477==    at 0x4C31B25: calloc (in /usr/lib/valgrind/vgpreload_memcheck-amd64-linux.so)
==6477==    by 0x4E4CD96: ??? (in /lib/x86_64-linux-gnu/libncurses.so.5.9)
==6477==    by 0x4E4CF90: newwin (in /lib/x86_64-linux-gnu/libncurses.so.5.9)
==6477==    by 0x4E4F6E7: ??? (in /lib/x86_64-linux-gnu/libncurses.so.5.9)
==6477==    by 0x4E4C71A: newterm (in /lib/x86_64-linux-gnu/libncurses.so.5.9)
==6477==    by 0x4E48FF2: initscr (in /lib/x86_64-linux-gnu/libncurses.so.5.9)
==6477==    by 0x1095F2: to_init_terminal() (rlg327.cpp:67)
==6477==    by 0x109A8D: main (rlg327.cpp:214)
==6477== 
==6477== 384 bytes in 1 blocks are still reachable in loss record 22 of 38
==6477==    at 0x4C31B25: calloc (in /usr/lib/valgrind/vgpreload_memcheck-amd64-linux.so)
==6477==    by 0x4E4CD96: ??? (in /lib/x86_64-linux-gnu/libncurses.so.5.9)
==6477==    by 0x4E4CF90: newwin (in /lib/x86_64-linux-gnu/libncurses.so.5.9)
==6477==    by 0x4E4F791: ??? (in /lib/x86_64-linux-gnu/libncurses.so.5.9)
==6477==    by 0x4E4C71A: newterm (in /lib/x86_64-linux-gnu/libncurses.so.5.9)
==6477==    by 0x4E48FF2: initscr (in /lib/x86_64-linux-gnu/libncurses.so.5.9)
==6477==    by 0x1095F2: to_init_terminal() (rlg327.cpp:67)
==6477==    by 0x109A8D: main (rlg327.cpp:214)
==6477== 
==6477== 504 bytes in 21 blocks are still reachable in loss record 23 of 38
==6477==    at 0x4C31B25: calloc (in /usr/lib/valgrind/vgpreload_memcheck-amd64-linux.so)
==6477==    by 0x506BDFB: _nc_add_to_try (in /lib/x86_64-linux-gnu/libtinfo.so.5.9)
==6477==    by 0x506E727: ??? (in /lib/x86_64-linux-gnu/libtinfo.so.5.9)
==6477==    by 0x506F7B3: _nc_keypad (in /lib/x86_64-linux-gnu/libtinfo.so.5.9)
==6477==    by 0x10961A: to_init_terminal() (rlg327.cpp:71)
==6477==    by 0x109A8D: main (rlg327.cpp:214)
==6477== 
==6477== 528 bytes in 1 blocks are still reachable in loss record 24 of 38
==6477==    at 0x4C31B25: calloc (in /usr/lib/valgrind/vgpreload_memcheck-amd64-linux.so)
==6477==    by 0x5076095: _nc_read_termtype (in /lib/x86_64-linux-gnu/libtinfo.so.5.9)
==6477==    by 0x50762FC: ??? (in /lib/x86_64-linux-gnu/libtinfo.so.5.9)
==6477==    by 0x50764E6: ??? (in /lib/x86_64-linux-gnu/libtinfo.so.5.9)
==6477==    by 0x50767D0: _nc_read_entry (in /lib/x86_64-linux-gnu/libtinfo.so.5.9)
==6477==    by 0x5070288: ??? (in /lib/x86_64-linux-gnu/libtinfo.so.5.9)
==6477==    by 0x50705D1: _nc_setupterm (in /lib/x86_64-linux-gnu/libtinfo.so.5.9)
==6477==    by 0x4E4C6D7: newterm (in /lib/x86_64-linux-gnu/libncurses.so.5.9)
==6477==    by 0x4E48FF2: initscr (in /lib/x86_64-linux-gnu/libncurses.so.5.9)
==6477==    by 0x1095F2: to_init_terminal() (rlg327.cpp:67)
==6477==    by 0x109A8D: main (rlg327.cpp:214)
==6477== 
==6477== 771 bytes in 1 blocks are still reachable in loss record 25 of 38
==6477==    at 0x4C2FB0F: malloc (in /usr/lib/valgrind/vgpreload_memcheck-amd64-linux.so)
==6477==    by 0x5076188: _nc_read_termtype (in /lib/x86_64-linux-gnu/libtinfo.so.5.9)
==6477==    by 0x50762FC: ??? (in /lib/x86_64-linux-gnu/libtinfo.so.5.9)
==6477==    by 0x50764E6: ??? (in /lib/x86_64-linux-gnu/libtinfo.so.5.9)
==6477==    by 0x50767D0: _nc_read_entry (in /lib/x86_64-linux-gnu/libtinfo.so.5.9)
==6477==    by 0x5070288: ??? (in /lib/x86_64-linux-gnu/libtinfo.so.5.9)
==6477==    by 0x50705D1: _nc_setupterm (in /lib/x86_64-linux-gnu/libtinfo.so.5.9)
==6477==    by 0x4E4C6D7: newterm (in /lib/x86_64-linux-gnu/libncurses.so.5.9)
==6477==    by 0x4E48FF2: initscr (in /lib/x86_64-linux-gnu/libncurses.so.5.9)
==6477==    by 0x1095F2: to_init_terminal() (rlg327.cpp:67)
==6477==    by 0x109A8D: main (rlg327.cpp:214)
==6477== 
==6477== 1,024 bytes in 1 blocks are still reachable in loss record 26 of 38
==6477==    at 0x4C31B25: calloc (in /usr/lib/valgrind/vgpreload_memcheck-amd64-linux.so)
==6477==    by 0x4E4F273: ??? (in /lib/x86_64-linux-gnu/libncurses.so.5.9)
==6477==    by 0x4E4C71A: newterm (in /lib/x86_64-linux-gnu/libncurses.so.5.9)
==6477==    by 0x4E48FF2: initscr (in /lib/x86_64-linux-gnu/libncurses.so.5.9)
==6477==    by 0x1095F2: to_init_terminal() (rlg327.cpp:67)
==6477==    by 0x109A8D: main (rlg327.cpp:214)
==6477== 
==6477== 1,200 bytes in 1 blocks are still reachable in loss record 27 of 38
==6477==    at 0x4C2FB0F: malloc (in /usr/lib/valgrind/vgpreload_memcheck-amd64-linux.so)
==6477==    by 0x4E42ABB: ??? (in /lib/x86_64-linux-gnu/libncurses.so.5.9)
==6477==    by 0x4E42007: ??? (in /lib/x86_64-linux-gnu/libncurses.so.5.9)
==6477==    by 0x4E56B0D: doupdate (in /lib/x86_64-linux-gnu/libncurses.so.5.9)
==6477==    by 0x4E4E0F7: wrefresh (in /lib/x86_64-linux-gnu/libncurses.so.5.9)
==6477==    by 0x109A2F: process_input(dungeon*) (rlg327.cpp:195)
==6477==    by 0x10A4E2: main (rlg327.cpp:373)
==6477== 
==6477== 1,200 bytes in 50 blocks are still reachable in loss record 28 of 38
==6477==    at 0x4C31B25: calloc (in /usr/lib/valgrind/vgpreload_memcheck-amd64-linux.so)
==6477==    by 0x506BE55: _nc_add_to_try (in /lib/x86_64-linux-gnu/libtinfo.so.5.9)
==6477==    by 0x506E727: ??? (in /lib/x86_64-linux-gnu/libtinfo.so.5.9)
==6477==    by 0x506F7B3: _nc_keypad (in /lib/x86_64-linux-gnu/libtinfo.so.5.9)
==6477==    by 0x10961A: to_init_terminal() (rlg327.cpp:71)
==6477==    by 0x109A8D: main (rlg327.cpp:214)
==6477== 
==6477== 1,576 bytes in 1 blocks are still reachable in loss record 29 of 38
==6477==    at 0x4C2FB0F: malloc (in /usr/lib/valgrind/vgpreload_memcheck-amd64-linux.so)
==6477==    by 0x507575A: _nc_read_termtype (in /lib/x86_64-linux-gnu/libtinfo.so.5.9)
==6477==    by 0x50762FC: ??? (in /lib/x86_64-linux-gnu/libtinfo.so.5.9)
==6477==    by 0x50764E6: ??? (in /lib/x86_64-linux-gnu/libtinfo.so.5.9)
==6477==    by 0x50767D0: _nc_read_entry (in /lib/x86_64-linux-gnu/libtinfo.so.5.9)
==6477==    by 0x5070288: ??? (in /lib/x86_64-linux-gnu/libtinfo.so.5.9)
==6477==    by 0x50705D1: _nc_setupterm (in /lib/x86_64-linux-gnu/libtinfo.so.5.9)
==6477==    by 0x4E4C6D7: newterm (in /lib/x86_64-linux-gnu/libncurses.so.5.9)
==6477==    by 0x4E48FF2: initscr (in /lib/x86_64-linux-gnu/libncurses.so.5.9)
==6477==    by 0x1095F2: to_init_terminal() (rlg327.cpp:67)
==6477==    by 0x109A8D: main (rlg327.cpp:214)
==6477== 
==6477== 1,672 bytes in 1 blocks are still reachable in loss record 30 of 38
==6477==    at 0x4C31B25: calloc (in /usr/lib/valgrind/vgpreload_memcheck-amd64-linux.so)
==6477==    by 0x4E4F24E: ??? (in /lib/x86_64-linux-gnu/libncurses.so.5.9)
==6477==    by 0x4E4C71A: newterm (in /lib/x86_64-linux-gnu/libncurses.so.5.9)
==6477==    by 0x4E48FF2: initscr (in /lib/x86_64-linux-gnu/libncurses.so.5.9)
==6477==    by 0x1095F2: to_init_terminal() (rlg327.cpp:67)
==6477==    by 0x109A8D: main (rlg327.cpp:214)
==6477== 
==6477== 1,680 bytes in 70 blocks are still reachable in loss record 31 of 38
==6477==    at 0x4C31B25: calloc (in /usr/lib/valgrind/vgpreload_memcheck-amd64-linux.so)
==6477==    by 0x506BDFB: _nc_add_to_try (in /lib/x86_64-linux-gnu/libtinfo.so.5.9)
==6477==    by 0x506E675: ??? (in /lib/x86_64-linux-gnu/libtinfo.so.5.9)
==6477==    by 0x506F7B3: _nc_keypad (in /lib/x86_64-linux-gnu/libtinfo.so.5.9)
==6477==    by 0x10961A: to_init_terminal() (rlg327.cpp:71)
==6477==    by 0x109A8D: main (rlg327.cpp:214)
==6477== 
==6477== 1,945 bytes in 1 blocks are still reachable in loss record 32 of 38
==6477==    at 0x4C2FB0F: malloc (in /usr/lib/valgrind/vgpreload_memcheck-amd64-linux.so)
==6477==    by 0x4E523EF: ??? (in /lib/x86_64-linux-gnu/libncurses.so.5.9)
==6477==    by 0x4E4D9EE: vwprintw (in /lib/x86_64-linux-gnu/libncurses.so.5.9)
==6477==    by 0x4E4DC51: mvprintw (in /lib/x86_64-linux-gnu/libncurses.so.5.9)
==6477==    by 0x1099F1: process_input(dungeon*) (rlg327.cpp:191)
==6477==    by 0x10A4E2: main (rlg327.cpp:373)
==6477== 
==6477== 2,088 bytes in 87 blocks are still reachable in loss record 33 of 38
==6477==    at 0x4C31B25: calloc (in /usr/lib/valgrind/vgpreload_memcheck-amd64-linux.so)
==6477==    by 0x506BE55: _nc_add_to_try (in /lib/x86_64-linux-gnu/libtinfo.so.5.9)
==6477==    by 0x506E675: ??? (in /lib/x86_64-linux-gnu/libtinfo.so.5.9)
==6477==    by 0x506F7B3: _nc_keypad (in /lib/x86_64-linux-gnu/libtinfo.so.5.9)
==6477==    by 0x10961A: to_init_terminal() (rlg327.cpp:71)
==6477==    by 0x109A8D: main (rlg327.cpp:214)
==6477== 
==6477== 2,236 bytes in 1 blocks are still reachable in loss record 34 of 38
==6477==    at 0x4C2FB0F: malloc (in /usr/lib/valgrind/vgpreload_memcheck-amd64-linux.so)
==6477==    by 0x4E4F3F0: ??? (in /lib/x86_64-linux-gnu/libncurses.so.5.9)
==6477==    by 0x4E4C71A: newterm (in /lib/x86_64-linux-gnu/libncurses.so.5.9)
==6477==    by 0x4E48FF2: initscr (in /lib/x86_64-linux-gnu/libncurses.so.5.9)
==6477==    by 0x1095F2: to_init_terminal() (rlg327.cpp:67)
==6477==    by 0x109A8D: main (rlg327.cpp:214)
==6477== 
==6477== 3,824 bytes in 1 blocks are still reachable in loss record 35 of 38
==6477==    at 0x4C31D2F: realloc (in /usr/lib/valgrind/vgpreload_memcheck-amd64-linux.so)
==6477==    by 0x506E292: _nc_doalloc (in /lib/x86_64-linux-gnu/libtinfo.so.5.9)
==6477==    by 0x5075EB5: _nc_read_termtype (in /lib/x86_64-linux-gnu/libtinfo.so.5.9)
==6477==    by 0x50762FC: ??? (in /lib/x86_64-linux-gnu/libtinfo.so.5.9)
==6477==    by 0x50764E6: ??? (in /lib/x86_64-linux-gnu/libtinfo.so.5.9)
==6477==    by 0x50767D0: _nc_read_entry (in /lib/x86_64-linux-gnu/libtinfo.so.5.9)
==6477==    by 0x5070288: ??? (in /lib/x86_64-linux-gnu/libtinfo.so.5.9)
==6477==    by 0x50705D1: _nc_setupterm (in /lib/x86_64-linux-gnu/libtinfo.so.5.9)
==6477==    by 0x4E4C6D7: newterm (in /lib/x86_64-linux-gnu/libncurses.so.5.9)
==6477==    by 0x4E48FF2: initscr (in /lib/x86_64-linux-gnu/libncurses.so.5.9)
==6477==    by 0x1095F2: to_init_terminal() (rlg327.cpp:67)
==6477==    by 0x109A8D: main (rlg327.cpp:214)
==6477== 
==6477== 15,360 bytes in 24 blocks are still reachable in loss record 36 of 38
==6477==    at 0x4C31B25: calloc (in /usr/lib/valgrind/vgpreload_memcheck-amd64-linux.so)
==6477==    by 0x4E4CFCC: newwin (in /lib/x86_64-linux-gnu/libncurses.so.5.9)
==6477==    by 0x4E4F6C6: ??? (in /lib/x86_64-linux-gnu/libncurses.so.5.9)
==6477==    by 0x4E4C71A: newterm (in /lib/x86_64-linux-gnu/libncurses.so.5.9)
==6477==    by 0x4E48FF2: initscr (in /lib/x86_64-linux-gnu/libncurses.so.5.9)
==6477==    by 0x1095F2: to_init_terminal() (rlg327.cpp:67)
==6477==    by 0x109A8D: main (rlg327.cpp:214)
==6477== 
==6477== 15,360 bytes in 24 blocks are still reachable in loss record 37 of 38
==6477==    at 0x4C31B25: calloc (in /usr/lib/valgrind/vgpreload_memcheck-amd64-linux.so)
==6477==    by 0x4E4CFCC: newwin (in /lib/x86_64-linux-gnu/libncurses.so.5.9)
==6477==    by 0x4E4F6E7: ??? (in /lib/x86_64-linux-gnu/libncurses.so.5.9)
==6477==    by 0x4E4C71A: newterm (in /lib/x86_64-linux-gnu/libncurses.so.5.9)
==6477==    by 0x4E48FF2: initscr (in /lib/x86_64-linux-gnu/libncurses.so.5.9)
==6477==    by 0x1095F2: to_init_terminal() (rlg327.cpp:67)
==6477==    by 0x109A8D: main (rlg327.cpp:214)
==6477== 
==6477== 15,360 bytes in 24 blocks are still reachable in loss record 38 of 38
==6477==    at 0x4C31B25: calloc (in /usr/lib/valgrind/vgpreload_memcheck-amd64-linux.so)
==6477==    by 0x4E4CFCC: newwin (in /lib/x86_64-linux-gnu/libncurses.so.5.9)
==6477==    by 0x4E4F791: ??? (in /lib/x86_64-linux-gnu/libncurses.so.5.9)
==6477==    by 0x4E4C71A: newterm (in /lib/x86_64-linux-gnu/libncurses.so.5.9)
==6477==    by 0x4E48FF2: initscr (in /lib/x86_64-linux-gnu/libncurses.so.5.9)
==6477==    by 0x1095F2: to_init_terminal() (rlg327.cpp:67)
==6477==    by 0x109A8D: main (rlg327.cpp:214)
==6477== 
==6477== LEAK SUMMARY:
==6477==    definitely lost: 0 bytes in 0 blocks
==6477==    indirectly lost: 0 bytes in 0 blocks
==6477==      possibly lost: 0 bytes in 0 blocks
==6477==    still reachable: 69,088 bytes in 331 blocks
==6477==         suppressed: 0 bytes in 0 blocks
==6477== 
==6477== ERROR SUMMARY: 0 errors from 0 contexts (suppressed: 0 from 0)
==6477== ERROR SUMMARY: 0 errors from 0 contexts (suppressed: 0 from 0)
